<?xml version="1.0" encoding="UTF-8"?>
<!-- Generated by org.testng.reporters.JUnitReportReporter -->
<testsuite skipped="1" hostname="DESKTOP-G00FLKF" name="com.TestingShastra.TestAnnotationPriority" tests="11" failures="0" timestamp="2022-05-20T16:13:24 IST" time="9.053" errors="2">
  <testcase name="m4" time="0.002" classname="com.TestingShastra.TestAnnotationPriority"/>
  <system-out/>
  <testcase name="m4" time="0.001" classname="com.TestingShastra.TestAnnotationPriority"/>
  <system-out/>
  <testcase name="m4" time="0.001" classname="com.TestingShastra.TestAnnotationPriority"/>
  <system-out/>
  <testcase name="m4" time="0.010" classname="com.TestingShastra.TestAnnotationPriority"/>
  <system-out/>
  <testcase name="m5" time="0.001" classname="com.TestingShastra.TestAnnotationPriority"/>
  <system-out/>
  <testcase name="m8" time="0.005" classname="com.TestingShastra.TestAnnotationPriority"/>
  <system-out/>
  <testcase name="m7" time="6.008" classname="com.TestingShastra.TestAnnotationPriority">
    <error type="org.testng.internal.thread.ThreadTimeoutException" message="Method com.TestingShastra.TestAnnotationPriority.m7() didn&#039;t finish within the time-out 6000">
      <![CDATA[org.testng.internal.thread.ThreadTimeoutException: Method com.TestingShastra.TestAnnotationPriority.m7() didn't finish within the time-out 6000
at org.testng.internal.MethodInvocationHelper.invokeWithTimeoutWithNewExecutor(MethodInvocationHelper.java:367)
at org.testng.internal.MethodInvocationHelper.invokeWithTimeout(MethodInvocationHelper.java:282)
at org.testng.internal.TestInvoker.invokeMethod(TestInvoker.java:603)
at org.testng.internal.TestInvoker.invokeTestMethod(TestInvoker.java:173)
at org.testng.internal.MethodRunner.runInSequence(MethodRunner.java:46)
at org.testng.internal.TestInvoker$MethodInvocationAgent.invoke(TestInvoker.java:816)
at org.testng.internal.TestInvoker.invokeTestMethods(TestInvoker.java:146)
at org.testng.internal.TestMethodWorker.invokeTestMethods(TestMethodWorker.java:146)
at org.testng.internal.TestMethodWorker.run(TestMethodWorker.java:128)
at java.util.ArrayList.forEach(ArrayList.java:1259)
at org.testng.TestRunner.privateRun(TestRunner.java:766)
at org.testng.TestRunner.run(TestRunner.java:587)
at org.testng.SuiteRunner.runTest(SuiteRunner.java:384)
at org.testng.SuiteRunner.runSequentially(SuiteRunner.java:378)
at org.testng.SuiteRunner.privateRun(SuiteRunner.java:337)
at org.testng.SuiteRunner.run(SuiteRunner.java:286)
at org.testng.SuiteRunnerWorker.runSuite(SuiteRunnerWorker.java:53)
at org.testng.SuiteRunnerWorker.run(SuiteRunnerWorker.java:96)
at org.testng.TestNG.runSuitesSequentially(TestNG.java:1187)
at org.testng.TestNG.runSuitesLocally(TestNG.java:1109)
at org.testng.TestNG.runSuites(TestNG.java:1039)
at org.testng.TestNG.run(TestNG.java:1007)
at org.testng.remote.AbstractRemoteTestNG.run(AbstractRemoteTestNG.java:115)
at org.testng.remote.RemoteTestNG.initAndRun(RemoteTestNG.java:251)
at org.testng.remote.RemoteTestNG.main(RemoteTestNG.java:77)
]]>
    </error>
  </testcase> <!-- m7 -->
  <system-out/>
  <testcase name="m6" time="3.022" classname="com.TestingShastra.TestAnnotationPriority">
    <error type="org.testng.internal.thread.ThreadTimeoutException" message="Method com.TestingShastra.TestAnnotationPriority.m6() didn&#039;t finish within the time-out 3000">
      <![CDATA[org.testng.internal.thread.ThreadTimeoutException: Method com.TestingShastra.TestAnnotationPriority.m6() didn't finish within the time-out 3000
at org.testng.internal.MethodInvocationHelper.invokeWithTimeoutWithNewExecutor(MethodInvocationHelper.java:367)
at org.testng.internal.MethodInvocationHelper.invokeWithTimeout(MethodInvocationHelper.java:282)
at org.testng.internal.TestInvoker.invokeMethod(TestInvoker.java:603)
at org.testng.internal.TestInvoker.invokeTestMethod(TestInvoker.java:173)
at org.testng.internal.MethodRunner.runInSequence(MethodRunner.java:46)
at org.testng.internal.TestInvoker$MethodInvocationAgent.invoke(TestInvoker.java:816)
at org.testng.internal.TestInvoker.invokeTestMethods(TestInvoker.java:146)
at org.testng.internal.TestMethodWorker.invokeTestMethods(TestMethodWorker.java:146)
at org.testng.internal.TestMethodWorker.run(TestMethodWorker.java:128)
at java.util.ArrayList.forEach(ArrayList.java:1259)
at org.testng.TestRunner.privateRun(TestRunner.java:766)
at org.testng.TestRunner.run(TestRunner.java:587)
at org.testng.SuiteRunner.runTest(SuiteRunner.java:384)
at org.testng.SuiteRunner.runSequentially(SuiteRunner.java:378)
at org.testng.SuiteRunner.privateRun(SuiteRunner.java:337)
at org.testng.SuiteRunner.run(SuiteRunner.java:286)
at org.testng.SuiteRunnerWorker.runSuite(SuiteRunnerWorker.java:53)
at org.testng.SuiteRunnerWorker.run(SuiteRunnerWorker.java:96)
at org.testng.TestNG.runSuitesSequentially(TestNG.java:1187)
at org.testng.TestNG.runSuitesLocally(TestNG.java:1109)
at org.testng.TestNG.runSuites(TestNG.java:1039)
at org.testng.TestNG.run(TestNG.java:1007)
at org.testng.remote.AbstractRemoteTestNG.run(AbstractRemoteTestNG.java:115)
at org.testng.remote.RemoteTestNG.initAndRun(RemoteTestNG.java:251)
at org.testng.remote.RemoteTestNG.main(RemoteTestNG.java:77)
]]>
    </error>
  </testcase> <!-- m6 -->
  <system-out/>
  <testcase name="m1" time="0.002" classname="com.TestingShastra.TestAnnotationPriority"/>
  <system-out/>
  <testcase name="m1" time="0.001" classname="com.TestingShastra.TestAnnotationPriority"/>
  <system-out/>
  <testcase name="m3" classname="com.TestingShastra.TestAnnotationPriority">
    <skipped/>
  </testcase> <!-- m3 -->
  <system-out/>
</testsuite> <!-- com.TestingShastra.TestAnnotationPriority -->
