<?xml version="1.0" encoding="UTF-8"?>
<!-- Generated by org.testng.reporters.JUnitReportReporter -->
<testsuite hostname="DESKTOP-G00FLKF" failures="0" tests="2" name="com.DataProvider.LoginDemo" time="8.332" errors="1" timestamp="2022-05-25T17:10:21 IST" skipped="1">
  <testcase classname="com.DataProvider.LoginDemo" name="loginByInvalidData" time="0.000">
    <skipped/>
  </testcase> <!-- loginByInvalidData -->
  <system-out/>
  <testcase classname="com.DataProvider.LoginDemo" name="setUp" time="8.332">
    <error message="session not created: This version of ChromeDriver only supports Chrome version 102
Current browser version is 101.0.4951.67 with binary path C:\Program Files\Google\Chrome\Application\chrome.exe
Build info: version: &#039;3.141.59&#039;, revision: &#039;e82be7d358&#039;, time: &#039;2018-11-14T08:17:03&#039;
System info: host: &#039;DESKTOP-G00FLKF&#039;, ip: &#039;172.16.24.196&#039;, os.name: &#039;Windows 10&#039;, os.arch: &#039;amd64&#039;, os.version: &#039;10.0&#039;, java.version: &#039;17.0.2&#039;
Driver info: driver.version: ChromeDriver
remote stacktrace: Backtrace:
	Ordinal0 [0x00C6D953+2414931]
	Ordinal0 [0x00BFF5E1+1963489]
	Ordinal0 [0x00AEC6B8+837304]
	Ordinal0 [0x00B0CAE3+969443]
	Ordinal0 [0x00B086FA+952058]
	Ordinal0 [0x00B05FB1+942001]
	Ordinal0 [0x00B39100+1151232]
	Ordinal0 [0x00B38D5A+1150298]
	Ordinal0 [0x00B342B6+1131190]
	Ordinal0 [0x00B0E860+976992]
	Ordinal0 [0x00B0F756+980822]
	GetHandleVerifier [0x00EDCC62+2510274]
	GetHandleVerifier [0x00ECF760+2455744]
	GetHandleVerifier [0x00CFEABA+551962]
	GetHandleVerifier [0x00CFD916+547446]
	Ordinal0 [0x00C05F3B+1990459]
	Ordinal0 [0x00C0A898+2009240]
	Ordinal0 [0x00C0A985+2009477]
	Ordinal0 [0x00C13AD1+2046673]
	BaseThreadInitThunk [0x7598FA29+25]
	RtlGetAppContainerNamedObjectPath [0x770F7A7E+286]
	RtlGetAppContainerNamedObjectPath [0x770F7A4E+238]
" type="org.openqa.selenium.SessionNotCreatedException">
      <![CDATA[org.openqa.selenium.SessionNotCreatedException: session not created: This version of ChromeDriver only supports Chrome version 102
Current browser version is 101.0.4951.67 with binary path C:\Program Files\Google\Chrome\Application\chrome.exe
Build info: version: '3.141.59', revision: 'e82be7d358', time: '2018-11-14T08:17:03'
System info: host: 'DESKTOP-G00FLKF', ip: '172.16.24.196', os.name: 'Windows 10', os.arch: 'amd64', os.version: '10.0', java.version: '17.0.2'
Driver info: driver.version: ChromeDriver
remote stacktrace: Backtrace:
Ordinal0 [0x00C6D953+2414931]
Ordinal0 [0x00BFF5E1+1963489]
Ordinal0 [0x00AEC6B8+837304]
Ordinal0 [0x00B0CAE3+969443]
Ordinal0 [0x00B086FA+952058]
Ordinal0 [0x00B05FB1+942001]
Ordinal0 [0x00B39100+1151232]
Ordinal0 [0x00B38D5A+1150298]
Ordinal0 [0x00B342B6+1131190]
Ordinal0 [0x00B0E860+976992]
Ordinal0 [0x00B0F756+980822]
GetHandleVerifier [0x00EDCC62+2510274]
GetHandleVerifier [0x00ECF760+2455744]
GetHandleVerifier [0x00CFEABA+551962]
GetHandleVerifier [0x00CFD916+547446]
Ordinal0 [0x00C05F3B+1990459]
Ordinal0 [0x00C0A898+2009240]
Ordinal0 [0x00C0A985+2009477]
Ordinal0 [0x00C13AD1+2046673]
BaseThreadInitThunk [0x7598FA29+25]
RtlGetAppContainerNamedObjectPath [0x770F7A7E+286]
RtlGetAppContainerNamedObjectPath [0x770F7A4E+238]

at java.base/jdk.internal.reflect.NativeConstructorAccessorImpl.newInstance0(Native Method)
at java.base/jdk.internal.reflect.NativeConstructorAccessorImpl.newInstance(NativeConstructorAccessorImpl.java:77)
at java.base/jdk.internal.reflect.DelegatingConstructorAccessorImpl.newInstance(DelegatingConstructorAccessorImpl.java:45)
at java.base/java.lang.reflect.Constructor.newInstanceWithCaller(Constructor.java:499)
at java.base/java.lang.reflect.Constructor.newInstance(Constructor.java:480)
at org.openqa.selenium.remote.W3CHandshakeResponse.lambda$errorHandler$0(W3CHandshakeResponse.java:62)
at org.openqa.selenium.remote.HandshakeResponse.lambda$getResponseFunction$0(HandshakeResponse.java:30)
at org.openqa.selenium.remote.ProtocolHandshake.lambda$createSession$0(ProtocolHandshake.java:126)
at java.base/java.util.stream.ReferencePipeline$3$1.accept(ReferencePipeline.java:197)
at java.base/java.util.Spliterators$ArraySpliterator.tryAdvance(Spliterators.java:1002)
at java.base/java.util.stream.ReferencePipeline.forEachWithCancel(ReferencePipeline.java:129)
at java.base/java.util.stream.AbstractPipeline.copyIntoWithCancel(AbstractPipeline.java:527)
at java.base/java.util.stream.AbstractPipeline.copyInto(AbstractPipeline.java:513)
at java.base/java.util.stream.AbstractPipeline.wrapAndCopyInto(AbstractPipeline.java:499)
at java.base/java.util.stream.FindOps$FindOp.evaluateSequential(FindOps.java:150)
at java.base/java.util.stream.AbstractPipeline.evaluate(AbstractPipeline.java:234)
at java.base/java.util.stream.ReferencePipeline.findFirst(ReferencePipeline.java:647)
at org.openqa.selenium.remote.ProtocolHandshake.createSession(ProtocolHandshake.java:128)
at org.openqa.selenium.remote.ProtocolHandshake.createSession(ProtocolHandshake.java:74)
at org.openqa.selenium.remote.HttpCommandExecutor.execute(HttpCommandExecutor.java:136)
at org.openqa.selenium.remote.service.DriverCommandExecutor.execute(DriverCommandExecutor.java:83)
at org.openqa.selenium.remote.RemoteWebDriver.execute(RemoteWebDriver.java:552)
at org.openqa.selenium.remote.RemoteWebDriver.startSession(RemoteWebDriver.java:213)
at org.openqa.selenium.remote.RemoteWebDriver.<init>(RemoteWebDriver.java:131)
at org.openqa.selenium.chrome.ChromeDriver.<init>(ChromeDriver.java:181)
at org.openqa.selenium.chrome.ChromeDriver.<init>(ChromeDriver.java:168)
at org.openqa.selenium.chrome.ChromeDriver.<init>(ChromeDriver.java:123)
at com.DataProvider.LoginDemo.setUp(LoginDemo.java:24)
at java.base/jdk.internal.reflect.NativeMethodAccessorImpl.invoke0(Native Method)
at java.base/jdk.internal.reflect.NativeMethodAccessorImpl.invoke(NativeMethodAccessorImpl.java:77)
at java.base/jdk.internal.reflect.DelegatingMethodAccessorImpl.invoke(DelegatingMethodAccessorImpl.java:43)
at java.base/java.lang.reflect.Method.invoke(Method.java:568)
at org.testng.internal.MethodInvocationHelper.invokeMethod(MethodInvocationHelper.java:134)
at org.testng.internal.MethodInvocationHelper.invokeMethodConsideringTimeout(MethodInvocationHelper.java:63)
at org.testng.internal.ConfigInvoker.invokeConfigurationMethod(ConfigInvoker.java:348)
at org.testng.internal.ConfigInvoker.invokeConfigurations(ConfigInvoker.java:302)
at org.testng.internal.TestInvoker.runConfigMethods(TestInvoker.java:695)
at org.testng.internal.TestInvoker.invokeMethod(TestInvoker.java:523)
at org.testng.internal.TestInvoker.invokeTestMethod(TestInvoker.java:173)
at org.testng.internal.MethodRunner.runInSequence(MethodRunner.java:46)
at org.testng.internal.TestInvoker$MethodInvocationAgent.invoke(TestInvoker.java:816)
at org.testng.internal.TestInvoker.invokeTestMethods(TestInvoker.java:146)
at org.testng.internal.TestMethodWorker.invokeTestMethods(TestMethodWorker.java:146)
at org.testng.internal.TestMethodWorker.run(TestMethodWorker.java:128)
at java.base/java.util.ArrayList.forEach(ArrayList.java:1511)
at org.testng.TestRunner.privateRun(TestRunner.java:766)
at org.testng.TestRunner.run(TestRunner.java:587)
at org.testng.SuiteRunner.runTest(SuiteRunner.java:384)
at org.testng.SuiteRunner.access$000(SuiteRunner.java:28)
at org.testng.SuiteRunner$SuiteWorker.run(SuiteRunner.java:425)
at org.testng.internal.thread.ThreadUtil.lambda$execute$0(ThreadUtil.java:68)
at java.base/java.util.concurrent.FutureTask.run(FutureTask.java:264)
at java.base/java.util.concurrent.ThreadPoolExecutor.runWorker(ThreadPoolExecutor.java:1136)
at java.base/java.util.concurrent.ThreadPoolExecutor$Worker.run(ThreadPoolExecutor.java:635)
at java.base/java.lang.Thread.run(Thread.java:833)
]]>
    </error>
  </testcase> <!-- setUp -->
  <system-out/>
</testsuite> <!-- com.DataProvider.LoginDemo -->
